0 info it worked if it ends with ok
1 verbose cli [ 'C:\\Program Files\\nodejs\\node.exe',
1 verbose cli   'C:\\Program Files\\nodejs\\node_modules\\npm\\bin\\npm-cli.js',
1 verbose cli   'install',
1 verbose cli   'https://github.com/tiltshiftfocus/cordova-plugin-cache.git',
1 verbose cli   '--production',
1 verbose cli   '--no-save' ]
2 info using npm@3.10.9
3 info using node@v6.9.2
4 silly loadCurrentTree Starting
5 silly install loadCurrentTree
6 silly install readLocalPackageData
7 silly fetchPackageMetaData https://github.com/tiltshiftfocus/cordova-plugin-cache.git
8 silly fetchOtherPackageData https://github.com/tiltshiftfocus/cordova-plugin-cache.git
9 silly cache add args [ 'https://github.com/tiltshiftfocus/cordova-plugin-cache.git',
9 silly cache add   null ]
10 verbose cache add spec https://github.com/tiltshiftfocus/cordova-plugin-cache.git
11 silly cache add parsed spec Result {
11 silly cache add   raw: 'https://github.com/tiltshiftfocus/cordova-plugin-cache.git',
11 silly cache add   scope: null,
11 silly cache add   escapedName: null,
11 silly cache add   name: null,
11 silly cache add   rawSpec: 'https://github.com/tiltshiftfocus/cordova-plugin-cache.git',
11 silly cache add   spec: 'git+https://github.com/tiltshiftfocus/cordova-plugin-cache.git',
11 silly cache add   type: 'hosted',
11 silly cache add   hosted:
11 silly cache add    { type: 'github',
11 silly cache add      ssh: 'git@github.com:tiltshiftfocus/cordova-plugin-cache.git',
11 silly cache add      sshUrl: 'git+ssh://git@github.com/tiltshiftfocus/cordova-plugin-cache.git',
11 silly cache add      httpsUrl: 'git+https://github.com/tiltshiftfocus/cordova-plugin-cache.git',
11 silly cache add      gitUrl: 'git://github.com/tiltshiftfocus/cordova-plugin-cache.git',
11 silly cache add      shortcut: 'github:tiltshiftfocus/cordova-plugin-cache',
11 silly cache add      directUrl: 'https://raw.githubusercontent.com/tiltshiftfocus/cordova-plugin-cache/master/package.json' } }
12 verbose addRemoteGit caching https://github.com/tiltshiftfocus/cordova-plugin-cache.git
13 verbose addRemoteGit git+https://github.com/tiltshiftfocus/cordova-plugin-cache.git is a repository hosted by github
14 silly tryClone cloning git+https://github.com/tiltshiftfocus/cordova-plugin-cache.git via git+https://github.com/tiltshiftfocus/cordova-plugin-cache.git
15 verbose tryClone git-https-github-com-tiltshiftfocus-cordova-plugin-cache-git-a9cab3ab not in flight; caching
16 verbose correctMkdir C:\Users\tsuba\AppData\Roaming\npm-cache\_git-remotes correctMkdir not in flight; initializing
17 info git [ 'config', '--get', 'remote.origin.url' ]
18 silly validateExistingRemote git+https://github.com/tiltshiftfocus/cordova-plugin-cache.git remote.origin.url: https://github.com/tiltshiftfocus/cordova-plugin-cache.git
19 verbose validateExistingRemote git+https://github.com/tiltshiftfocus/cordova-plugin-cache.git is updating existing cached remote C:\Users\tsuba\AppData\Roaming\npm-cache\_git-remotes\git-https-github-com-tiltshiftfocus-cordova-plugin-cache-git-a9cab3ab
20 info git [ 'fetch', '-a', 'origin' ]
21 error git fetch -a origin (https://github.com/tiltshiftfocus/cordova-plugin-cache.git) fatal: Unable to find remote helper for 'https'
22 silly fetchPackageMetaData Error: Command failed: git -c core.longpaths=true fetch -a origin
22 silly fetchPackageMetaData fatal: Unable to find remote helper for 'https'
22 silly fetchPackageMetaData
22 silly fetchPackageMetaData     at ChildProcess.exithandler (child_process.js:206:12)
22 silly fetchPackageMetaData     at emitTwo (events.js:106:13)
22 silly fetchPackageMetaData     at ChildProcess.emit (events.js:191:7)
22 silly fetchPackageMetaData     at maybeClose (internal/child_process.js:877:16)
22 silly fetchPackageMetaData     at Process.ChildProcess._handle.onexit (internal/child_process.js:226:5)
22 silly fetchPackageMetaData  error for https://github.com/tiltshiftfocus/cordova-plugin-cache.git { Error: Command failed: git -c core.longpaths=true fetch -a origin
22 silly fetchPackageMetaData fatal: Unable to find remote helper for 'https'
22 silly fetchPackageMetaData
22 silly fetchPackageMetaData     at ChildProcess.exithandler (child_process.js:206:12)
22 silly fetchPackageMetaData     at emitTwo (events.js:106:13)
22 silly fetchPackageMetaData     at ChildProcess.emit (events.js:191:7)
22 silly fetchPackageMetaData     at maybeClose (internal/child_process.js:877:16)
22 silly fetchPackageMetaData     at Process.ChildProcess._handle.onexit (internal/child_process.js:226:5)
22 silly fetchPackageMetaData   killed: false,
22 silly fetchPackageMetaData   code: 128,
22 silly fetchPackageMetaData   signal: null,
22 silly fetchPackageMetaData   cmd: 'git -c core.longpaths=true fetch -a origin' }
23 silly rollbackFailedOptional Starting
24 silly rollbackFailedOptional Finishing
25 silly runTopLevelLifecycles Finishing
26 silly install printInstalled
27 verbose stack Error: Command failed: git -c core.longpaths=true fetch -a origin
27 verbose stack fatal: Unable to find remote helper for 'https'
27 verbose stack
27 verbose stack     at ChildProcess.exithandler (child_process.js:206:12)
27 verbose stack     at emitTwo (events.js:106:13)
27 verbose stack     at ChildProcess.emit (events.js:191:7)
27 verbose stack     at maybeClose (internal/child_process.js:877:16)
27 verbose stack     at Process.ChildProcess._handle.onexit (internal/child_process.js:226:5)
28 verbose cwd C:\Users\tsuba\Documents\Projeto Policia\desaparecidos-rj-mobile
29 error Windows_NT 10.0.17120
30 error argv "C:\\Program Files\\nodejs\\node.exe" "C:\\Program Files\\nodejs\\node_modules\\npm\\bin\\npm-cli.js" "install" "https://github.com/tiltshiftfocus/cordova-plugin-cache.git" "--production" "--no-save"
31 error node v6.9.2
32 error npm  v3.10.9
33 error code 128
34 error Command failed: git -c core.longpaths=true fetch -a origin
34 error fatal: Unable to find remote helper for 'https'
35 error If you need help, you may report this error at:
35 error     <https://github.com/npm/npm/issues>
36 verbose exit [ 1, true ]
